2023-06-13T09:00:32+00:00 CRITICAL Uncaught Error: Call to undefined function get_stylesheet_directpry_uri() in C:\wamp64\www\delta-theme-wp23\wp-content\themes\deltatheme\functions.php:12
Stack trace:
#0 C:\wamp64\www\delta-theme-wp23\wp-includes\class-wp-hook.php(308): styles_complementaires('')
#1 C:\wamp64\www\delta-theme-wp23\wp-includes\class-wp-hook.php(332): WP_Hook->apply_filters(NULL, Array)
#2 C:\wamp64\www\delta-theme-wp23\wp-includes\plugin.php(517): WP_Hook->do_action(Array)
#3 C:\wamp64\www\delta-theme-wp23\wp-includes\script-loader.php(2194): do_action('wp_enqueue_scri...')
#4 C:\wamp64\www\delta-theme-wp23\wp-includes\class-wp-hook.php(308): wp_enqueue_scripts('')
#5 C:\wamp64\www\delta-theme-wp23\wp-includes\class-wp-hook.php(332): WP_Hook->apply_filters(NULL, Array)
#6 C:\wamp64\www\delta-theme-wp23\wp-includes\plugin.php(517): WP_Hook->do_action(Array)
#7 C:\wamp64\www\delta-theme-wp23\wp-includes\general-template.php(3049): do_action('wp_head')
#8 C:\wamp64\www\delta-theme-wp23\wp-content\themes\deltatheme\header.php(11):  dans C:\wamp64\www\delta-theme-wp23\wp-content\themes\deltatheme\functions.php à la ligne 12

2023-06-13T09:46:54+00:00 CRITICAL Uncaught Error: Call to undefined function __e() in C:\wamp64\www\delta-theme-wp23\wp-content\themes\deltatheme\comments.php:46
Stack trace:
#0 C:\wamp64\www\delta-theme-wp23\wp-includes\comment-template.php(1591): require()
#1 C:\wamp64\www\delta-theme-wp23\wp-content\themes\deltatheme\single.php(27): comments_template()
#2 C:\wamp64\www\delta-theme-wp23\wp-includes\template-loader.php(106): include('C:\\wamp64\\www\\d...')
#3 C:\wamp64\www\delta-theme-wp23\wp-blog-header.php(19): require_once('C:\\wamp64\\www\\d...')
#4 C:\wamp64\www\delta-theme-wp23\index.php(17): require('C:\\wamp64\\www\\d...')
#5 {main}
  thrown dans C:\wamp64\www\delta-theme-wp23\wp-content\themes\deltatheme\comments.php à la ligne 46

